<?xml version="1.0" encoding="UTF-8"?>
<testng-results ignored="0" total="8" passed="7" failed="1" skipped="0">
  <reporter-output>
  </reporter-output>
  <suite started-at="2024-05-21T19:52:37 GMT+01:00" name="Open Cart Test Regression Playwright Suite" finished-at="2024-05-21T19:52:55 GMT+01:00" duration-ms="18369">
    <groups>
    </groups>
    <test started-at="2024-05-21T19:52:37 GMT+01:00" name="Open Cart Login Page Test" finished-at="2024-05-21T19:52:51 GMT+01:00" duration-ms="14829">
      <class name="com.qa.opencart.tests.LoginPageTest">
        <test-method is-config="true" signature="setup()[pri:0, instance:com.qa.opencart.tests.LoginPageTest@4007f65e]" started-at="2024-05-21T19:52:37 GMT+01:00" name="setup" finished-at="2024-05-21T19:52:48 GMT+01:00" duration-ms="10968" status="PASS">
          <reporter-output>
          </reporter-output>
        </test-method> <!-- setup -->
        <test-method signature="loginPageNavigationTest()[pri:1, instance:com.qa.opencart.tests.LoginPageTest@4007f65e]" started-at="2024-05-21T19:52:48 GMT+01:00" name="loginPageNavigationTest" finished-at="2024-05-21T19:52:48 GMT+01:00" duration-ms="956" status="PASS">
          <reporter-output>
          </reporter-output>
        </test-method> <!-- loginPageNavigationTest -->
        <test-method signature="forgotPwdLinkExistTest()[pri:2, instance:com.qa.opencart.tests.LoginPageTest@4007f65e]" started-at="2024-05-21T19:52:49 GMT+01:00" name="forgotPwdLinkExistTest" finished-at="2024-05-21T19:52:49 GMT+01:00" duration-ms="8" status="FAIL">
          <exception class="java.lang.AssertionError">
            <message>
              <![CDATA[expected [true] but found [false]]]>
            </message>
            <full-stacktrace>
              <![CDATA[java.lang.AssertionError: expected [true] but found [false]
at org.testng.Assert.fail(Assert.java:99)
at org.testng.Assert.failNotEquals(Assert.java:1037)
at org.testng.Assert.assertTrue(Assert.java:45)
at org.testng.Assert.assertTrue(Assert.java:55)
at com.qa.opencart.tests.LoginPageTest.forgotPwdLinkExistTest(LoginPageTest.java:24)
at java.base/jdk.internal.reflect.DirectMethodHandleAccessor.invoke(DirectMethodHandleAccessor.java:103)
at java.base/java.lang.reflect.Method.invoke(Method.java:580)
at org.testng.internal.MethodInvocationHelper.invokeMethod(MethodInvocationHelper.java:133)
at org.testng.internal.TestInvoker.invokeMethod(TestInvoker.java:598)
at org.testng.internal.TestInvoker.invokeTestMethod(TestInvoker.java:173)
at org.testng.internal.MethodRunner.runInSequence(MethodRunner.java:46)
at org.testng.internal.TestInvoker$MethodInvocationAgent.invoke(TestInvoker.java:824)
at org.testng.internal.TestInvoker.invokeTestMethods(TestInvoker.java:146)
at org.testng.internal.TestMethodWorker.invokeTestMethods(TestMethodWorker.java:146)
at org.testng.internal.TestMethodWorker.run(TestMethodWorker.java:128)
at java.base/java.util.ArrayList.forEach(ArrayList.java:1596)
at org.testng.TestRunner.privateRun(TestRunner.java:794)
at org.testng.TestRunner.run(TestRunner.java:596)
at org.testng.SuiteRunner.runTest(SuiteRunner.java:377)
at org.testng.SuiteRunner.access$000(SuiteRunner.java:28)
at org.testng.SuiteRunner$SuiteWorker.run(SuiteRunner.java:418)
at org.testng.internal.thread.ThreadUtil.lambda$execute$0(ThreadUtil.java:64)
at java.base/java.util.concurrent.FutureTask.run(FutureTask.java:317)
at java.base/java.util.concurrent.ThreadPoolExecutor.runWorker(ThreadPoolExecutor.java:1144)
at java.base/java.util.concurrent.ThreadPoolExecutor$Worker.run(ThreadPoolExecutor.java:642)
at java.base/java.lang.Thread.run(Thread.java:1583)
]]>
            </full-stacktrace>
          </exception> <!-- java.lang.AssertionError -->
          <reporter-output>
          </reporter-output>
        </test-method> <!-- forgotPwdLinkExistTest -->
        <test-method signature="appLoginTest()[pri:3, instance:com.qa.opencart.tests.LoginPageTest@4007f65e]" started-at="2024-05-21T19:52:49 GMT+01:00" name="appLoginTest" finished-at="2024-05-21T19:52:50 GMT+01:00" duration-ms="1397" status="PASS">
          <reporter-output>
          </reporter-output>
        </test-method> <!-- appLoginTest -->
        <test-method is-config="true" signature="tearDown()[pri:0, instance:com.qa.opencart.tests.LoginPageTest@4007f65e]" started-at="2024-05-21T19:52:51 GMT+01:00" name="tearDown" finished-at="2024-05-21T19:52:51 GMT+01:00" duration-ms="522" status="PASS">
          <reporter-output>
          </reporter-output>
        </test-method> <!-- tearDown -->
      </class> <!-- com.qa.opencart.tests.LoginPageTest -->
    </test> <!-- Open Cart Login Page Test -->
    <test started-at="2024-05-21T19:52:37 GMT+01:00" name="Open Cart Home Page Test" finished-at="2024-05-21T19:52:55 GMT+01:00" duration-ms="18369">
      <class name="com.qa.opencart.tests.HomePageTest">
        <test-method is-config="true" signature="setup()[pri:0, instance:com.qa.opencart.tests.HomePageTest@7ce69770]" started-at="2024-05-21T19:52:37 GMT+01:00" name="setup" finished-at="2024-05-21T19:52:50 GMT+01:00" duration-ms="13415" status="PASS">
          <reporter-output>
          </reporter-output>
        </test-method> <!-- setup -->
        <test-method signature="homePageTitleTest()[pri:0, instance:com.qa.opencart.tests.HomePageTest@7ce69770]" started-at="2024-05-21T19:52:50 GMT+01:00" name="homePageTitleTest" finished-at="2024-05-21T19:52:50 GMT+01:00" duration-ms="11" status="PASS">
          <reporter-output>
          </reporter-output>
        </test-method> <!-- homePageTitleTest -->
        <test-method signature="homePageURLTest()[pri:0, instance:com.qa.opencart.tests.HomePageTest@7ce69770]" started-at="2024-05-21T19:52:50 GMT+01:00" name="homePageURLTest" finished-at="2024-05-21T19:52:50 GMT+01:00" duration-ms="2" status="PASS">
          <reporter-output>
          </reporter-output>
        </test-method> <!-- homePageURLTest -->
        <test-method signature="searchTest(java.lang.String)[pri:0, instance:com.qa.opencart.tests.HomePageTest@7ce69770]" started-at="2024-05-21T19:52:51 GMT+01:00" name="searchTest" data-provider="getProductData" finished-at="2024-05-21T19:52:52 GMT+01:00" duration-ms="1144" status="PASS">
          <params>
            <param index="0">
              <value>
                <![CDATA[Macbook]]>
              </value>
            </param>
          </params>
          <reporter-output>
          </reporter-output>
        </test-method> <!-- searchTest -->
        <test-method signature="searchTest(java.lang.String)[pri:0, instance:com.qa.opencart.tests.HomePageTest@7ce69770]" started-at="2024-05-21T19:52:52 GMT+01:00" name="searchTest" data-provider="getProductData" finished-at="2024-05-21T19:52:53 GMT+01:00" duration-ms="940" status="PASS">
          <params>
            <param index="0">
              <value>
                <![CDATA[iMac]]>
              </value>
            </param>
          </params>
          <reporter-output>
          </reporter-output>
        </test-method> <!-- searchTest -->
        <test-method signature="searchTest(java.lang.String)[pri:0, instance:com.qa.opencart.tests.HomePageTest@7ce69770]" started-at="2024-05-21T19:52:53 GMT+01:00" name="searchTest" data-provider="getProductData" finished-at="2024-05-21T19:52:54 GMT+01:00" duration-ms="939" status="PASS">
          <params>
            <param index="0">
              <value>
                <![CDATA[Samsung]]>
              </value>
            </param>
          </params>
          <reporter-output>
          </reporter-output>
        </test-method> <!-- searchTest -->
        <test-method is-config="true" signature="tearDown()[pri:0, instance:com.qa.opencart.tests.HomePageTest@7ce69770]" started-at="2024-05-21T19:52:54 GMT+01:00" name="tearDown" finished-at="2024-05-21T19:52:55 GMT+01:00" duration-ms="430" status="PASS">
          <reporter-output>
          </reporter-output>
        </test-method> <!-- tearDown -->
      </class> <!-- com.qa.opencart.tests.HomePageTest -->
    </test> <!-- Open Cart Home Page Test -->
  </suite> <!-- Open Cart Test Regression Playwright Suite -->
</testng-results>
